Performing C SOURCE FILE Test HAVE_THREAD_LOCAL_STORAGE failed with the following output:
Change Dir: /home/flywave/work/saas/go-nlopt/build/CMakeFiles/CMakeScratch/TryCompile-Q4IXtz

Run Build Command(s):/usr/bin/ninja cmTC_e9819 && [1/2] Building C object CMakeFiles/cmTC_e9819.dir/src.c.o
FAILED: CMakeFiles/cmTC_e9819.dir/src.c.o 
/usr/bin/cc -DHAVE_THREAD_LOCAL_STORAGE  -fPIC -Wall -o CMakeFiles/cmTC_e9819.dir/src.c.o -c /home/flywave/work/saas/go-nlopt/build/CMakeFiles/CMakeScratch/TryCompile-Q4IXtz/src.c
/home/flywave/work/saas/go-nlopt/build/CMakeFiles/CMakeScratch/TryCompile-Q4IXtz/src.c:2:5: warning: return type defaults to ‘int’ [-Wimplicit-int]
    2 |     __declspec(thread) int tls;
      |     ^~~~~~~~~~
/home/flywave/work/saas/go-nlopt/build/CMakeFiles/CMakeScratch/TryCompile-Q4IXtz/src.c: In function ‘__declspec’:
/home/flywave/work/saas/go-nlopt/build/CMakeFiles/CMakeScratch/TryCompile-Q4IXtz/src.c:4:20: error: expected ‘=’, ‘,’, ‘;’, ‘asm’ or ‘__attribute__’ before ‘{’ token
    4 |     int main(void) {
      |                    ^
/home/flywave/work/saas/go-nlopt/build/CMakeFiles/CMakeScratch/TryCompile-Q4IXtz/src.c:2:5: warning: type of ‘thread’ defaults to ‘int’ [-Wimplicit-int]
    2 |     __declspec(thread) int tls;
      |     ^~~~~~~~~~
/home/flywave/work/saas/go-nlopt/build/CMakeFiles/CMakeScratch/TryCompile-Q4IXtz/src.c:2:28: error: declaration for parameter ‘tls’ but no such parameter
    2 |     __declspec(thread) int tls;
      |                            ^~~
/home/flywave/work/saas/go-nlopt/build/CMakeFiles/CMakeScratch/TryCompile-Q4IXtz/src.c:7: error: expected ‘{’ at end of input
/home/flywave/work/saas/go-nlopt/build/CMakeFiles/CMakeScratch/TryCompile-Q4IXtz/src.c:7: warning: control reaches end of non-void function [-Wreturn-type]
ninja: build stopped: subcommand failed.


Source file was:

    __declspec(thread) int tls;

    int main(void) {
        return 0;
    }

